<?xml version="1.0" encoding="UTF-8"?>
<testng-results skipped="0" failed="0" ignored="0" total="1" passed="1">
  <reporter-output>
  </reporter-output>
  <suite name="Default suite" duration-ms="95" started-at="2022-05-03T11:40:22 IST" finished-at="2022-05-03T11:40:22 IST">
    <groups>
    </groups>
    <test name="Default test" duration-ms="95" started-at="2022-05-03T11:40:22 IST" finished-at="2022-05-03T11:40:22 IST">
      <class name="testNG.Sample">
        <test-method status="PASS" signature="smokeTC1()[pri:0, instance:testNG.Sample@2781e022]" name="smokeTC1" duration-ms="12" started-at="2022-05-03T11:40:22 IST" finished-at="2022-05-03T11:40:22 IST">
          <reporter-output>
          </reporter-output>
        </test-method> <!-- smokeTC1 -->
      </class> <!-- testNG.Sample -->
    </test> <!-- Default test -->
  </suite> <!-- Default suite -->
</testng-results>
